<?xml version="1.0" encoding="UTF-8"?>
<!-- Generated by org.testng.reporters.JUnitReportReporter -->
<testsuite hostname="Amolkh" failures="0" tests="2" name="testClasses.Test1" time="0.012" errors="0" timestamp="2022-04-09T17:11:31 IST" skipped="0">
  <testcase classname="testClasses.Test1" name="test1" time="0.008"/>
  <system-out/>
  <testcase classname="testClasses.Test1" name="test2" time="0.004"/>
  <system-out/>
</testsuite> <!-- testClasses.Test1 -->
